Loading required package: tidyverse
── Attaching core tidyverse packages ──────────────────────── tidyverse 2.0.0 ──
✔ dplyr     1.1.4     ✔ readr     2.1.5
✔ forcats   1.0.0     ✔ stringr   1.5.1
✔ ggplot2   3.5.2     ✔ tibble    3.2.1
✔ lubridate 1.9.4     ✔ tidyr     1.3.1
✔ purrr     1.0.4     
── Conflicts ────────────────────────────────────────── tidyverse_conflicts() ──
✖ dplyr::filter() masks stats::filter()
✖ dplyr::lag()    masks stats::lag()
ℹ Use the conflicted package (<http://conflicted.r-lib.org/>) to force all conflicts to become errors
Warning messages:
1: package ‘tidyverse’ was built under R version 4.3.3 
2: package ‘ggplot2’ was built under R version 4.3.3 
3: package ‘tibble’ was built under R version 4.3.3 
4: package ‘tidyr’ was built under R version 4.3.3 
5: package ‘readr’ was built under R version 4.3.3 
6: package ‘purrr’ was built under R version 4.3.3 
7: package ‘dplyr’ was built under R version 4.3.3 
8: package ‘stringr’ was built under R version 4.3.3 
9: package ‘forcats’ was built under R version 4.3.3 
10: package ‘lubridate’ was built under R version 4.3.3 

Attaching package: ‘ape’

The following object is masked from ‘package:dplyr’:

    where

Warning message:
In dir.create(RES_DIR, recursive = T) : 'results' already exists
[1] 1
Pre-processing input...
Computing G matrices using G_with_steps ...
Computing B matrices using A_contig ...
Computing final D matrix...
Building tree...
[1] 2
Pre-processing input...
Computing G matrices using G_with_steps ...
Computing B matrices using A_contig ...
Computing final D matrix...
Building tree...
[1] 3
Pre-processing input...
Computing G matrices using G_with_steps ...
Computing B matrices using A_contig ...
Computing final D matrix...
Building tree...
[1] 4
Pre-processing input...
Computing G matrices using G_with_steps ...
Computing B matrices using A_contig ...
Computing final D matrix...
Building tree...
[1] 5
Pre-processing input...
Computing G matrices using G_with_steps ...
Computing B matrices using A_contig ...
Computing final D matrix...
Building tree...
[1] 6
Pre-processing input...
Computing G matrices using G_with_steps ...
Computing B matrices using A_contig ...
Computing final D matrix...
Building tree...
[1] 7
Pre-processing input...
Computing G matrices using G_with_steps ...
Computing B matrices using A_contig ...
Computing final D matrix...
Building tree...
[1] 8
Pre-processing input...
Computing G matrices using G_with_steps ...
Computing B matrices using A_contig ...
Computing final D matrix...
Building tree...
[1] 9
Pre-processing input...
Computing G matrices using G_with_steps ...
Computing B matrices using A_contig ...
Computing final D matrix...
Building tree...
[1] 10
Pre-processing input...
Computing G matrices using G_with_steps ...
Computing B matrices using A_contig ...
Computing final D matrix...
Building tree...
[1] 11
Pre-processing input...
Computing G matrices using G_with_steps ...
Computing B matrices using A_contig ...
Computing final D matrix...
Building tree...
[1] 12
Pre-processing input...
Computing G matrices using G_with_steps ...
Computing B matrices using A_contig ...
Computing final D matrix...
Building tree...
[1] 13
Pre-processing input...
Computing G matrices using G_with_steps ...
Computing B matrices using A_contig ...
Computing final D matrix...
Building tree...
[1] 14
Pre-processing input...
Computing G matrices using G_with_steps ...
Computing B matrices using A_contig ...
Computing final D matrix...
Building tree...
[1] 15
Pre-processing input...
Computing G matrices using G_with_steps ...
Computing B matrices using A_contig ...
Computing final D matrix...
Building tree...
[1] 16
Pre-processing input...
Computing G matrices using G_with_steps ...
Computing B matrices using A_contig ...
Computing final D matrix...
Building tree...
[1] 17
Pre-processing input...
Computing G matrices using G_with_steps ...
Computing B matrices using A_contig ...
Computing final D matrix...
Building tree...
[1] 18
Pre-processing input...
Computing G matrices using G_with_steps ...
Computing B matrices using A_contig ...
Computing final D matrix...
Building tree...
[1] 19
Pre-processing input...
Computing G matrices using G_with_steps ...
Computing B matrices using A_contig ...
Computing final D matrix...
Building tree...
[1] 20
Pre-processing input...
Computing G matrices using G_with_steps ...
Computing B matrices using A_contig ...
Computing final D matrix...
Building tree...
[1] 21
Pre-processing input...
Computing G matrices using G_with_steps ...
Computing B matrices using A_contig ...
Computing final D matrix...
Building tree...
[1] 22
Pre-processing input...
Computing G matrices using G_with_steps ...
Computing B matrices using A_contig ...
Computing final D matrix...
Building tree...
[1] 23
Pre-processing input...
Computing G matrices using G_with_steps ...
Computing B matrices using A_contig ...
Computing final D matrix...
Building tree...
[1] 24
Pre-processing input...
Computing G matrices using G_with_steps ...
Computing B matrices using A_contig ...
Computing final D matrix...
Building tree...
[1] 25
Pre-processing input...
Computing G matrices using G_with_steps ...
Computing B matrices using A_contig ...
Computing final D matrix...
Building tree...
[1] 26
Pre-processing input...
Computing G matrices using G_with_steps ...
Computing B matrices using A_contig ...
Computing final D matrix...
Building tree...
[1] 27
Pre-processing input...
Computing G matrices using G_with_steps ...
Computing B matrices using A_contig ...
Computing final D matrix...
Building tree...
[1] 28
Pre-processing input...
Computing G matrices using G_with_steps ...
Computing B matrices using A_contig ...
Computing final D matrix...
Building tree...
[1] 29
Pre-processing input...
Computing G matrices using G_with_steps ...
Computing B matrices using A_contig ...
Computing final D matrix...
Building tree...
[1] 30
Pre-processing input...
Computing G matrices using G_with_steps ...
Computing B matrices using A_contig ...
Computing final D matrix...
Building tree...
[1] 31
Pre-processing input...
Computing G matrices using G_with_steps ...
Computing B matrices using A_contig ...
Computing final D matrix...
Building tree...
[1] 32
Pre-processing input...
Computing G matrices using G_with_steps ...
Computing B matrices using A_contig ...
Computing final D matrix...
Building tree...
[1] 33
Pre-processing input...
Computing G matrices using G_with_steps ...
Computing B matrices using A_contig ...
Computing final D matrix...
Building tree...
[1] 34
Pre-processing input...
Computing G matrices using G_with_steps ...
Computing B matrices using A_contig ...
Computing final D matrix...
Building tree...
[1] 35
Pre-processing input...
Computing G matrices using G_with_steps ...
Computing B matrices using A_contig ...
Computing final D matrix...
Building tree...
[1] 36
Pre-processing input...
Computing G matrices using G_with_steps ...
Computing B matrices using A_contig ...
Computing final D matrix...
Building tree...
[1] 37
Pre-processing input...
Computing G matrices using G_with_steps ...
Computing B matrices using A_contig ...
Computing final D matrix...
Building tree...
[1] 38
Pre-processing input...
Computing G matrices using G_with_steps ...
Computing B matrices using A_contig ...
Computing final D matrix...
Building tree...
[1] 39
Pre-processing input...
Computing G matrices using G_with_steps ...
Computing B matrices using A_contig ...
Computing final D matrix...
Building tree...
[1] 40
Pre-processing input...
Computing G matrices using G_with_steps ...
Computing B matrices using A_contig ...
Computing final D matrix...
Building tree...
[1] 41
Pre-processing input...
Computing G matrices using G_with_steps ...
Computing B matrices using A_contig ...
Computing final D matrix...
Building tree...
[1] 42
Pre-processing input...
Computing G matrices using G_with_steps ...
Computing B matrices using A_contig ...
Computing final D matrix...
Building tree...
[1] 43
Pre-processing input...
Computing G matrices using G_with_steps ...
Computing B matrices using A_contig ...
Computing final D matrix...
Building tree...
[1] 44
Pre-processing input...
Computing G matrices using G_with_steps ...
Computing B matrices using A_contig ...
Computing final D matrix...
Building tree...
[1] 45
Pre-processing input...
Computing G matrices using G_with_steps ...
Computing B matrices using A_contig ...
Computing final D matrix...
Building tree...
[1] 46
Pre-processing input...
Computing G matrices using G_with_steps ...
Computing B matrices using A_contig ...
Computing final D matrix...
Building tree...
[1] 47
Pre-processing input...
Computing G matrices using G_with_steps ...
Computing B matrices using A_contig ...
Computing final D matrix...
Building tree...
[1] 48
Pre-processing input...
Computing G matrices using G_with_steps ...
Computing B matrices using A_contig ...
Computing final D matrix...
Building tree...
[1] 49
Pre-processing input...
Computing G matrices using G_with_steps ...
Computing B matrices using A_contig ...
Computing final D matrix...
Building tree...
[1] 50
Pre-processing input...
Computing G matrices using G_with_steps ...
Computing B matrices using A_contig ...
Computing final D matrix...
Building tree...
[1] 51
Pre-processing input...
Computing G matrices using G_with_steps ...
Computing B matrices using A_contig ...
Computing final D matrix...
Building tree...
[1] 52
Pre-processing input...
Computing G matrices using G_with_steps ...
Computing B matrices using A_contig ...
Computing final D matrix...
Building tree...
[1] 53
Pre-processing input...
Computing G matrices using G_with_steps ...
Computing B matrices using A_contig ...
Computing final D matrix...
Building tree...
[1] 54
Pre-processing input...
Computing G matrices using G_with_steps ...
Computing B matrices using A_contig ...
Computing final D matrix...
Building tree...
[1] 55
Pre-processing input...
Computing G matrices using G_with_steps ...
Computing B matrices using A_contig ...
Computing final D matrix...
Building tree...
[1] 56
Pre-processing input...
Computing G matrices using G_with_steps ...
Computing B matrices using A_contig ...
Computing final D matrix...
Building tree...
[1] 57
Pre-processing input...
Computing G matrices using G_with_steps ...
Computing B matrices using A_contig ...
Computing final D matrix...
Building tree...
[1] 58
Pre-processing input...
Computing G matrices using G_with_steps ...
Computing B matrices using A_contig ...
Computing final D matrix...
Building tree...
[1] 59
Pre-processing input...
Computing G matrices using G_with_steps ...
Computing B matrices using A_contig ...
Computing final D matrix...
Building tree...
[1] 60
Pre-processing input...
Computing G matrices using G_with_steps ...
Computing B matrices using A_contig ...
Computing final D matrix...
Building tree...
[1] 61
Pre-processing input...
Computing G matrices using G_with_steps ...
Computing B matrices using A_contig ...
Computing final D matrix...
Building tree...
[1] 62
Pre-processing input...
Computing G matrices using G_with_steps ...
Computing B matrices using A_contig ...
Computing final D matrix...
Building tree...
[1] 63
Pre-processing input...
Computing G matrices using G_with_steps ...
Computing B matrices using A_contig ...
Computing final D matrix...
Building tree...
[1] 64
Pre-processing input...
Computing G matrices using G_with_steps ...
Computing B matrices using A_contig ...
Computing final D matrix...
Building tree...
[1] 65
Pre-processing input...
Computing G matrices using G_with_steps ...
Computing B matrices using A_contig ...
Computing final D matrix...
Building tree...
[1] 66
Pre-processing input...
Computing G matrices using G_with_steps ...
Computing B matrices using A_contig ...
Computing final D matrix...
Building tree...
[1] 67
Pre-processing input...
Computing G matrices using G_with_steps ...
Computing B matrices using A_contig ...
Computing final D matrix...
Building tree...
[1] 68
Pre-processing input...
Computing G matrices using G_with_steps ...
Computing B matrices using A_contig ...
Computing final D matrix...
Building tree...
[1] 69
Pre-processing input...
Computing G matrices using G_with_steps ...
Computing B matrices using A_contig ...
Computing final D matrix...
Building tree...
[1] 70
Pre-processing input...
Computing G matrices using G_with_steps ...
Computing B matrices using A_contig ...
Computing final D matrix...
Building tree...
[1] 71
Pre-processing input...
Computing G matrices using G_with_steps ...
Computing B matrices using A_contig ...
Computing final D matrix...
Building tree...
[1] 72
Pre-processing input...
Computing G matrices using G_with_steps ...
Computing B matrices using A_contig ...
Computing final D matrix...
Building tree...
There were 50 or more warnings (use warnings() to see the first 50)
