Loading required package: tidyverse
Failed to query server: Transport endpoint is not connected
── Attaching core tidyverse packages ──────────────────────── tidyverse 2.0.0 ──
✔ dplyr     1.1.4     ✔ readr     2.1.5
✔ forcats   1.0.0     ✔ stringr   1.5.1
✔ ggplot2   3.5.2     ✔ tibble    3.2.1
✔ lubridate 1.9.4     ✔ tidyr     1.3.1
✔ purrr     1.0.4     
── Conflicts ────────────────────────────────────────── tidyverse_conflicts() ──
✖ dplyr::filter() masks stats::filter()
✖ dplyr::lag()    masks stats::lag()
ℹ Use the conflicted package (<http://conflicted.r-lib.org/>) to force all conflicts to become errors
There were 11 warnings (use warnings() to see them)

Attaching package: ‘ape’

The following object is masked from ‘package:dplyr’:

    where

Warning message:
In dir.create(RES_DIR, recursive = T) : 'results' already exists
Pre-processing input...
Computing G matrices using G_with_steps ...
Computing B matrices using A_contig ...
Computing final D matrix...
Building tree...
Warning message:
In dir.create(file.path(RES_DIR, sim_id), recursive = T) :
  'results//4d23fc2e835de432' already exists
