Loading required package: tidyverse
── Attaching core tidyverse packages ──────────────────────── tidyverse 2.0.0 ──
✔ dplyr     1.1.4     ✔ readr     2.1.5
✔ forcats   1.0.0     ✔ stringr   1.5.1
✔ ggplot2   3.5.2     ✔ tibble    3.2.1
✔ lubridate 1.9.4     ✔ tidyr     1.3.1
✔ purrr     1.0.4     
── Conflicts ────────────────────────────────────────── tidyverse_conflicts() ──
✖ dplyr::filter() masks stats::filter()
✖ dplyr::lag()    masks stats::lag()
ℹ Use the conflicted package (<http://conflicted.r-lib.org/>) to force all conflicts to become errors
Warning messages:
1: package ‘tidyverse’ was built under R version 4.3.3 
2: package ‘ggplot2’ was built under R version 4.3.3 
3: package ‘tibble’ was built under R version 4.3.3 
4: package ‘tidyr’ was built under R version 4.3.3 
5: package ‘readr’ was built under R version 4.3.3 
6: package ‘purrr’ was built under R version 4.3.3 
7: package ‘dplyr’ was built under R version 4.3.3 
8: package ‘stringr’ was built under R version 4.3.3 
9: package ‘forcats’ was built under R version 4.3.3 
10: package ‘lubridate’ was built under R version 4.3.3 

Attaching package: ‘ape’

The following object is masked from ‘package:dplyr’:

    where

Warning message:
In dir.create(RES_DIR, recursive = T) : 'results' already exists
Pre-processing input...
Computing G matrices using G_with_steps ...
Computing B matrices using A_contig ...
Computing final D matrix...
Building tree...
Warning message:
In dir.create(file.path(RES_DIR, sim_id), recursive = T) :
  'results//c8bb52350f1c3e93' already exists
