2025-06-06 23:19:56,840 - INFO medicc-main:	Reading FST.
2025-06-06 23:19:56,843 - INFO medicc-main:	Reading and parsing input data.
2025-06-06 23:19:57,358 - WARNING medicc.io:	Integer CN > maxcn 8, capping.
2025-06-06 23:20:01,048 - WARNING medicc.io:	Duplicated entries found in input data: Index(['cell_237', 'cell_661', 'cell_723', 'cell_773', 'cell_774', 'cell_784',
       'cell_919', 'cell_920', 'cell_921', 'cell_922', 'cell_951', 'cell_952'],
      dtype='object', name='sample_id')
/home/santacg/medicc_env/lib/python3.10/site-packages/medicc/io.py:300: FutureWarning: The previous implementation of stack is deprecated and will be removed in a future version of pandas. See the What's New notes for pandas 2.1.0 for details. Specify future_stack=True to adopt the new implementation and silence this warning.
  tmp = tmp.stack('sample_id')
2025-06-06 23:20:01,901 - INFO medicc-main:	Running main reconstruction routine.
/home/santacg/medicc_env/lib/python3.10/site-packages/medicc/core.py:262: FutureWarning: The previous implementation of stack is deprecated and will be removed in a future version of pandas. See the What's New notes for pandas 2.1.0 for details. Specify future_stack=True to adopt the new implementation and silence this warning.
  .stack('sample_id')
2025-06-07 01:01:51,126 - INFO medicc-main:	Output is saved as results/723444cea44a453f/medicc2/medicc_input...
2025-06-07 01:01:51,127 - INFO medicc-main:	Writing pairwise distance matrices.
2025-06-07 01:01:51,263 - INFO medicc-main:	Writing trees.
2025-06-07 01:02:17,048 - INFO medicc-main:	Writing patient summary.
2025-06-07 01:02:17,054 - INFO medicc-main:	Final tree length 2250.0.
2025-06-07 01:02:17,056 - INFO medicc-main:	Plotting copy-number profiles (heatmap).
/home/santacg/medicc_env/lib/python3.10/site-packages/medicc/plot.py:903: FutureWarning: The default of observed=False is deprecated and will be changed to True in a future version of pandas. Pass observed=False to retain current behavior or observed=True to adopt the future default and silence this warning.
  chr_ends = chr_ends.reset_index().groupby('chrom').max()['end_pos']
2025-06-07 01:03:41,147 - INFO medicc-main:	Done.
