2025-06-06 23:13:51,355 - INFO medicc-main:	Reading FST.
2025-06-06 23:13:51,360 - INFO medicc-main:	Reading and parsing input data.
2025-06-06 23:13:51,888 - WARNING medicc.io:	Integer CN > maxcn 8, capping.
2025-06-06 23:13:55,951 - WARNING medicc.io:	Duplicated entries found in input data: Index(['cell_593', 'cell_594', 'cell_647', 'cell_648', 'cell_679', 'cell_843',
       'cell_844', 'cell_895', 'cell_896', 'cell_925', 'cell_941', 'cell_942',
       'cell_973', 'cell_974'],
      dtype='object', name='sample_id')
/home/santacg/medicc_env/lib/python3.10/site-packages/medicc/io.py:300: FutureWarning: The previous implementation of stack is deprecated and will be removed in a future version of pandas. See the What's New notes for pandas 2.1.0 for details. Specify future_stack=True to adopt the new implementation and silence this warning.
  tmp = tmp.stack('sample_id')
2025-06-06 23:13:56,986 - INFO medicc-main:	Running main reconstruction routine.
/home/santacg/medicc_env/lib/python3.10/site-packages/medicc/core.py:262: FutureWarning: The previous implementation of stack is deprecated and will be removed in a future version of pandas. See the What's New notes for pandas 2.1.0 for details. Specify future_stack=True to adopt the new implementation and silence this warning.
  .stack('sample_id')
2025-06-07 00:26:00,441 - INFO medicc-main:	Output is saved as results/f5c7d0ebe94efac1/medicc2/medicc_input...
2025-06-07 00:26:00,442 - INFO medicc-main:	Writing pairwise distance matrices.
2025-06-07 00:26:00,595 - INFO medicc-main:	Writing trees.
2025-06-07 00:26:28,400 - INFO medicc-main:	Writing patient summary.
2025-06-07 00:26:28,403 - INFO medicc-main:	Final tree length 1990.0.
2025-06-07 00:26:28,405 - INFO medicc-main:	Plotting copy-number profiles (heatmap).
/home/santacg/medicc_env/lib/python3.10/site-packages/medicc/plot.py:903: FutureWarning: The default of observed=False is deprecated and will be changed to True in a future version of pandas. Pass observed=False to retain current behavior or observed=True to adopt the future default and silence this warning.
  chr_ends = chr_ends.reset_index().groupby('chrom').max()['end_pos']
2025-06-07 00:28:00,578 - INFO medicc-main:	Done.
