2025-06-06 22:52:32,217 - INFO medicc-main:	Reading FST.
2025-06-06 22:52:32,225 - INFO medicc-main:	Reading and parsing input data.
2025-06-06 22:52:32,286 - WARNING medicc.io:	Integer CN > maxcn 8, capping.
2025-06-06 22:52:32,601 - WARNING medicc.io:	Duplicated entries found in input data: Index(['cell_168', 'cell_174', 'cell_194', 'cell_207', 'cell_208', 'cell_214',
       'cell_222', 'cell_239', 'cell_240', 'cell_79', 'cell_85', 'cell_86'],
      dtype='object', name='sample_id')
/home/santacg/medicc_env/lib/python3.10/site-packages/medicc/io.py:300: FutureWarning: The previous implementation of stack is deprecated and will be removed in a future version of pandas. See the What's New notes for pandas 2.1.0 for details. Specify future_stack=True to adopt the new implementation and silence this warning.
  tmp = tmp.stack('sample_id')
2025-06-06 22:52:32,687 - INFO medicc-main:	Running main reconstruction routine.
/home/santacg/medicc_env/lib/python3.10/site-packages/medicc/core.py:262: FutureWarning: The previous implementation of stack is deprecated and will be removed in a future version of pandas. See the What's New notes for pandas 2.1.0 for details. Specify future_stack=True to adopt the new implementation and silence this warning.
  .stack('sample_id')
2025-06-06 22:55:38,998 - INFO medicc-main:	Output is saved as results/21cdf494e3729d5d/medicc2/medicc_input...
2025-06-06 22:55:38,999 - INFO medicc-main:	Writing pairwise distance matrices.
2025-06-06 22:55:39,016 - INFO medicc-main:	Writing trees.
2025-06-06 22:55:42,727 - INFO medicc-main:	Writing patient summary.
2025-06-06 22:55:42,729 - INFO medicc-main:	Final tree length 394.0.
2025-06-06 22:55:42,730 - INFO medicc-main:	Plotting copy-number profiles (heatmap).
/home/santacg/medicc_env/lib/python3.10/site-packages/medicc/plot.py:903: FutureWarning: The default of observed=False is deprecated and will be changed to True in a future version of pandas. Pass observed=False to retain current behavior or observed=True to adopt the future default and silence this warning.
  chr_ends = chr_ends.reset_index().groupby('chrom').max()['end_pos']
2025-06-06 22:55:49,354 - INFO medicc-main:	Done.
