2025-06-06 23:23:00,963 - INFO medicc-main:	Reading FST.
2025-06-06 23:23:00,968 - INFO medicc-main:	Reading and parsing input data.
2025-06-06 23:23:01,549 - WARNING medicc.io:	Integer CN > maxcn 8, capping.
2025-06-06 23:23:05,645 - WARNING medicc.io:	Duplicated entries found in input data: Index(['cell_483', 'cell_484', 'cell_645', 'cell_646', 'cell_704', 'cell_718',
       'cell_865', 'cell_892'],
      dtype='object', name='sample_id')
/home/santacg/medicc_env/lib/python3.10/site-packages/medicc/io.py:300: FutureWarning: The previous implementation of stack is deprecated and will be removed in a future version of pandas. See the What's New notes for pandas 2.1.0 for details. Specify future_stack=True to adopt the new implementation and silence this warning.
  tmp = tmp.stack('sample_id')
2025-06-06 23:23:06,689 - INFO medicc-main:	Running main reconstruction routine.
/home/santacg/medicc_env/lib/python3.10/site-packages/medicc/core.py:262: FutureWarning: The previous implementation of stack is deprecated and will be removed in a future version of pandas. See the What's New notes for pandas 2.1.0 for details. Specify future_stack=True to adopt the new implementation and silence this warning.
  .stack('sample_id')
2025-06-07 01:25:17,996 - INFO medicc-main:	Output is saved as results/7190708763479611/medicc2/medicc_input...
2025-06-07 01:25:17,997 - INFO medicc-main:	Writing pairwise distance matrices.
2025-06-07 01:25:18,207 - INFO medicc-main:	Writing trees.
2025-06-07 01:25:44,833 - INFO medicc-main:	Writing patient summary.
2025-06-07 01:25:44,837 - INFO medicc-main:	Final tree length 2235.0.
2025-06-07 01:25:44,839 - INFO medicc-main:	Plotting copy-number profiles (heatmap).
/home/santacg/medicc_env/lib/python3.10/site-packages/medicc/plot.py:903: FutureWarning: The default of observed=False is deprecated and will be changed to True in a future version of pandas. Pass observed=False to retain current behavior or observed=True to adopt the future default and silence this warning.
  chr_ends = chr_ends.reset_index().groupby('chrom').max()['end_pos']
2025-06-07 01:27:09,163 - INFO medicc-main:	Done.
