2025-06-06 23:23:00,963 - INFO medicc-main:	Reading FST.
2025-06-06 23:23:00,968 - INFO medicc-main:	Reading and parsing input data.
2025-06-06 23:23:01,552 - WARNING medicc.io:	Integer CN > maxcn 8, capping.
2025-06-06 23:23:05,660 - WARNING medicc.io:	Duplicated entries found in input data: Index(['cell_276', 'cell_417', 'cell_471', 'cell_493', 'cell_871', 'cell_872',
       'cell_899', 'cell_900', 'cell_931', 'cell_932'],
      dtype='object', name='sample_id')
/home/santacg/medicc_env/lib/python3.10/site-packages/medicc/io.py:300: FutureWarning: The previous implementation of stack is deprecated and will be removed in a future version of pandas. See the What's New notes for pandas 2.1.0 for details. Specify future_stack=True to adopt the new implementation and silence this warning.
  tmp = tmp.stack('sample_id')
2025-06-06 23:23:06,752 - INFO medicc-main:	Running main reconstruction routine.
/home/santacg/medicc_env/lib/python3.10/site-packages/medicc/core.py:262: FutureWarning: The previous implementation of stack is deprecated and will be removed in a future version of pandas. See the What's New notes for pandas 2.1.0 for details. Specify future_stack=True to adopt the new implementation and silence this warning.
  .stack('sample_id')
2025-06-07 00:52:05,815 - INFO medicc-main:	Output is saved as results/c8bb52350f1c3e93/medicc2/medicc_input...
2025-06-07 00:52:05,817 - INFO medicc-main:	Writing pairwise distance matrices.
2025-06-07 00:52:06,016 - INFO medicc-main:	Writing trees.
2025-06-07 00:52:32,995 - INFO medicc-main:	Writing patient summary.
2025-06-07 00:52:32,999 - INFO medicc-main:	Final tree length 2007.0.
2025-06-07 00:52:33,001 - INFO medicc-main:	Plotting copy-number profiles (heatmap).
/home/santacg/medicc_env/lib/python3.10/site-packages/medicc/plot.py:903: FutureWarning: The default of observed=False is deprecated and will be changed to True in a future version of pandas. Pass observed=False to retain current behavior or observed=True to adopt the future default and silence this warning.
  chr_ends = chr_ends.reset_index().groupby('chrom').max()['end_pos']
2025-06-07 00:54:00,032 - INFO medicc-main:	Done.
