2025-06-06 22:58:36,667 - INFO medicc-main:	Reading FST.
2025-06-06 22:58:36,671 - INFO medicc-main:	Reading and parsing input data.
2025-06-06 22:58:36,896 - WARNING medicc.io:	Integer CN > maxcn 8, capping.
2025-06-06 22:58:38,403 - WARNING medicc.io:	Duplicated entries found in input data: Index(['cell_209', 'cell_210', 'cell_405', 'cell_406', 'cell_423', 'cell_458',
       'cell_495', 'cell_496'],
      dtype='object', name='sample_id')
/home/santacg/medicc_env/lib/python3.10/site-packages/medicc/io.py:300: FutureWarning: The previous implementation of stack is deprecated and will be removed in a future version of pandas. See the What's New notes for pandas 2.1.0 for details. Specify future_stack=True to adopt the new implementation and silence this warning.
  tmp = tmp.stack('sample_id')
2025-06-06 22:58:38,815 - INFO medicc-main:	Running main reconstruction routine.
/home/santacg/medicc_env/lib/python3.10/site-packages/medicc/core.py:262: FutureWarning: The previous implementation of stack is deprecated and will be removed in a future version of pandas. See the What's New notes for pandas 2.1.0 for details. Specify future_stack=True to adopt the new implementation and silence this warning.
  .stack('sample_id')
2025-06-06 23:22:29,266 - INFO medicc-main:	Output is saved as results/f45f37e26c403e64/medicc2/medicc_input...
2025-06-06 23:22:29,267 - INFO medicc-main:	Writing pairwise distance matrices.
2025-06-06 23:22:29,330 - INFO medicc-main:	Writing trees.
2025-06-06 23:22:39,842 - INFO medicc-main:	Writing patient summary.
2025-06-06 23:22:39,844 - INFO medicc-main:	Final tree length 1155.0.
2025-06-06 23:22:39,846 - INFO medicc-main:	Plotting copy-number profiles (heatmap).
/home/santacg/medicc_env/lib/python3.10/site-packages/medicc/plot.py:903: FutureWarning: The default of observed=False is deprecated and will be changed to True in a future version of pandas. Pass observed=False to retain current behavior or observed=True to adopt the future default and silence this warning.
  chr_ends = chr_ends.reset_index().groupby('chrom').max()['end_pos']
2025-06-06 23:23:08,629 - INFO medicc-main:	Done.
