2025-06-06 23:26:03,755 - INFO medicc-main:	Reading FST.
2025-06-06 23:26:03,759 - INFO medicc-main:	Reading and parsing input data.
2025-06-06 23:26:04,196 - WARNING medicc.io:	Integer CN > maxcn 8, capping.
2025-06-06 23:26:07,003 - WARNING medicc.io:	Duplicated entries found in input data: Index(['cell_172', 'cell_277', 'cell_381', 'cell_382', 'cell_390', 'cell_628',
       'cell_677', 'cell_759', 'cell_837', 'cell_838', 'cell_859', 'cell_860',
       'cell_936', 'cell_963', 'cell_964', 'cell_969', 'cell_970', 'cell_971',
       'cell_972', 'cell_977', 'cell_978'],
      dtype='object', name='sample_id')
/home/santacg/medicc_env/lib/python3.10/site-packages/medicc/io.py:300: FutureWarning: The previous implementation of stack is deprecated and will be removed in a future version of pandas. See the What's New notes for pandas 2.1.0 for details. Specify future_stack=True to adopt the new implementation and silence this warning.
  tmp = tmp.stack('sample_id')
2025-06-06 23:26:07,860 - INFO medicc-main:	Running main reconstruction routine.
/home/santacg/medicc_env/lib/python3.10/site-packages/medicc/core.py:262: FutureWarning: The previous implementation of stack is deprecated and will be removed in a future version of pandas. See the What's New notes for pandas 2.1.0 for details. Specify future_stack=True to adopt the new implementation and silence this warning.
  .stack('sample_id')
2025-06-07 00:32:54,384 - INFO medicc-main:	Output is saved as results/0f215b64d003e7ee/medicc2/medicc_input...
2025-06-07 00:32:54,385 - INFO medicc-main:	Writing pairwise distance matrices.
2025-06-07 00:32:54,574 - INFO medicc-main:	Writing trees.
2025-06-07 00:33:16,955 - INFO medicc-main:	Writing patient summary.
2025-06-07 00:33:16,958 - INFO medicc-main:	Final tree length 2039.0.
2025-06-07 00:33:16,960 - INFO medicc-main:	Plotting copy-number profiles (heatmap).
/home/santacg/medicc_env/lib/python3.10/site-packages/medicc/plot.py:903: FutureWarning: The default of observed=False is deprecated and will be changed to True in a future version of pandas. Pass observed=False to retain current behavior or observed=True to adopt the future default and silence this warning.
  chr_ends = chr_ends.reset_index().groupby('chrom').max()['end_pos']
2025-06-07 00:34:25,456 - INFO medicc-main:	Done.
